\BOOKMARK [1][-]{section.1}{1 Introduction}{}% 1
\BOOKMARK [2][-]{subsection.1.1}{1.1 Motivation}{section.1}% 2
\BOOKMARK [2][-]{subsection.1.2}{1.2 Objective}{section.1}% 3
\BOOKMARK [1][-]{section.2}{2 Agent Ecology}{}% 4
\BOOKMARK [2][-]{subsection.2.1}{2.1 Literature Review}{section.2}% 5
\BOOKMARK [2][-]{subsection.2.2}{2.2 Model}{section.2}% 6
\BOOKMARK [1][-]{section.3}{3 Hybrid Statistical ABM}{}% 7
\BOOKMARK [1][-]{section.4}{4 Price Dynamics}{}% 8
\BOOKMARK [1][-]{section.5}{5 Conclusions}{}% 9
\BOOKMARK [1][-]{section.6}{6 High Frequency Trading}{}% 10
\BOOKMARK [1][-]{section.7}{7 Agent Based Model}{}% 11
\BOOKMARK [2][-]{subsection.7.1}{7.1 Econophysics models}{section.7}% 12
\BOOKMARK [2][-]{subsection.7.2}{7.2 Minority game models}{section.7}% 13
\BOOKMARK [2][-]{subsection.7.3}{7.3 Model driven}{section.7}% 14
\BOOKMARK [2][-]{subsection.7.4}{7.4 Evolutionary models}{section.7}% 15
\BOOKMARK [2][-]{subsection.7.5}{7.5 Empirically grounded}{section.7}% 16
\BOOKMARK [1][-]{section.8}{8 Agent Ecology}{}% 17
\BOOKMARK [1][-]{section.9}{9 Trading Strategies}{}% 18
\BOOKMARK [2][-]{subsection.9.1}{9.1 Electronic Liquidity Provision}{section.9}% 19
\BOOKMARK [3][-]{subsubsection.9.1.1}{9.1.1 Market Making}{subsection.9.1}% 20
\BOOKMARK [3][-]{subsubsection.9.1.2}{9.1.2 Rebate Trading}{subsection.9.1}% 21
\BOOKMARK [2][-]{subsection.9.2}{9.2 \040Statistical Arbitrage}{section.9}% 22
\BOOKMARK [2][-]{subsection.9.3}{9.3 Liquidity Detection}{section.9}% 23
\BOOKMARK [2][-]{subsection.9.4}{9.4 Market Manipulative}{section.9}% 24
\BOOKMARK [3][-]{subsubsection.9.4.1}{9.4.1 Quote Stuffing}{subsection.9.4}% 25
\BOOKMARK [3][-]{subsubsection.9.4.2}{9.4.2 Layering}{subsection.9.4}% 26
\BOOKMARK [3][-]{subsubsection.9.4.3}{9.4.3 Order Book Fade}{subsection.9.4}% 27
\BOOKMARK [3][-]{subsubsection.9.4.4}{9.4.4 Momentum ignition}{subsection.9.4}% 28
\BOOKMARK [1][-]{section.10}{10 Continuous Double Auction}{}% 29
\BOOKMARK [2][-]{subsection.10.1}{10.1 Heterogeneous Agents}{section.10}% 30
\BOOKMARK [2][-]{subsection.10.2}{10.2 Statistical Model}{section.10}% 31
\BOOKMARK [2][-]{subsection.10.3}{10.3 Evolutionary Game Theory}{section.10}% 32
\BOOKMARK [2][-]{subsection.10.4}{10.4 Queuing Theory}{section.10}% 33
\BOOKMARK [2][-]{subsection.10.5}{10.5 Real Models Implementation}{section.10}% 34
\BOOKMARK [1][-]{section.11}{11 Architecture}{}% 35
\BOOKMARK [2][-]{subsection.11.1}{11.1 Santa Fe Institute}{section.11}% 36
\BOOKMARK [2][-]{subsection.11.2}{11.2 EURACE's FLAME}{section.11}% 37
\BOOKMARK [2][-]{subsection.11.3}{11.3 Client/Server Multi-threaded}{section.11}% 38
\BOOKMARK [2][-]{subsection.11.4}{11.4 Others}{section.11}% 39
\BOOKMARK [1][-]{section.12}{12 Conclusions}{}% 40
