\BOOKMARK [0][-]{dummy.3}{\376\377\000C\000o\000n\000t\000e\000n\000t\000s}{}% 1
\BOOKMARK [0][-]{dummy.5}{\376\377\000L\000i\000s\000t\000\040\000o\000f\000\040\000F\000i\000g\000u\000r\000e\000s}{}% 2
\BOOKMARK [0][-]{dummy.7}{\376\377\000L\000i\000s\000t\000\040\000o\000f\000\040\000T\000a\000b\000l\000e\000s}{}% 3
\BOOKMARK [0][-]{chapter.9}{\376\377\0001\000\040\000I\000n\000t\000r\000o\000d\000u\000c\000t\000i\000o\000n}{}% 4
\BOOKMARK [1][-]{section.10}{\376\377\0001\000.\0001\000\040\000B\000i\000t\000c\000o\000i\000n\000\040\000B\000u\000b\000b\000l\000e}{chapter.9}% 5
\BOOKMARK [1][-]{section.13}{\376\377\0001\000.\0002\000\040\000G\000r\000a\000p\000h\000\040\000S\000i\000m\000i\000l\000a\000r\000i\000t\000y\000\040\000a\000n\000d\000\040\000S\000u\000b\000g\000r\000a\000p\000h\000\040\000M\000a\000t\000c\000h\000i\000n\000g}{chapter.9}% 6
\BOOKMARK [1][-]{section.15}{\376\377\0001\000.\0003\000\040\000M\000o\000t\000i\000v\000a\000t\000i\000o\000n}{chapter.9}% 7
\BOOKMARK [1][-]{section.18}{\376\377\0001\000.\0004\000\040\000O\000b\000j\000e\000c\000t\000i\000v\000e}{chapter.9}% 8
\BOOKMARK [1][-]{section.22}{\376\377\0001\000.\0005\000\040\000C\000o\000n\000t\000r\000i\000b\000u\000t\000i\000o\000n}{chapter.9}% 9
\BOOKMARK [1][-]{section.23}{\376\377\0001\000.\0006\000\040\000T\000h\000e\000s\000i\000s\000\040\000O\000r\000g\000a\000n\000i\000z\000a\000t\000i\000o\000n}{chapter.9}% 10
\BOOKMARK [0][-]{chapter.24}{\376\377\0002\000\040\000B\000i\000t\000c\000o\000i\000n\000\040\000T\000r\000a\000n\000s\000a\000c\000t\000i\000o\000n\000\040\000D\000y\000n\000a\000m\000i\000c\000s\000\040}{}% 11
\BOOKMARK [1][-]{section.25}{\376\377\0002\000.\0001\000\040\000I\000n\000t\000r\000o\000d\000u\000c\000t\000i\000o\000n}{chapter.24}% 12
\BOOKMARK [1][-]{section.26}{\376\377\0002\000.\0002\000\040\000B\000i\000t\000c\000o\000i\000n}{chapter.24}% 13
\BOOKMARK [2][-]{subsection.27}{\376\377\0002\000.\0002\000.\0001\000\040\000B\000l\000o\000c\000k\000c\000h\000a\000i\000n}{section.26}% 14
\BOOKMARK [1][-]{section.31}{\376\377\0002\000.\0003\000\040\000R\000e\000l\000a\000t\000e\000d\000\040\000W\000o\000r\000k}{chapter.24}% 15
\BOOKMARK [1][-]{section.32}{\376\377\0002\000.\0004\000\040\000D\000a\000t\000a}{chapter.24}% 16
\BOOKMARK [1][-]{section.36}{\376\377\0002\000.\0005\000\040\000B\000i\000t\000c\000o\000i\000n\000\040\000T\000r\000a\000n\000s\000a\000c\000t\000i\000o\000n\000\040\000N\000e\000t\000w\000o\000r\000k}{chapter.24}% 17
\BOOKMARK [1][-]{section.39}{\376\377\0002\000.\0006\000\040\000T\000r\000a\000n\000s\000a\000c\000t\000i\000o\000n\000\040\000D\000y\000n\000a\000m\000i\000c\000s}{chapter.24}% 18
\BOOKMARK [2][-]{subsection.41}{\376\377\0002\000.\0006\000.\0001\000\040\000S\000i\000l\000k\000\040\000R\000o\000a\000d\000\040\000A\000r\000r\000e\000s\000t}{section.39}% 19
\BOOKMARK [1][-]{section.44}{\376\377\0002\000.\0007\000\040\000S\000u\000m\000m\000a\000r\000y}{chapter.24}% 20
\BOOKMARK [0][-]{chapter.45}{\376\377\0003\000\040\000G\000r\000a\000p\000h\000\040\000I\000s\000o\000m\000o\000r\000p\000h\000i\000s\000m}{}% 21
\BOOKMARK [1][-]{section.46}{\376\377\0003\000.\0001\000\040\000P\000r\000o\000b\000l\000e\000m\000\040\000D\000e\000f\000i\000n\000i\000t\000i\000o\000n}{chapter.45}% 22
\BOOKMARK [2][-]{subsection.47}{\376\377\0003\000.\0001\000.\0001\000\040\000P\000r\000o\000b\000l\000e\000m\000:\000\040\000G\000r\000a\000p\000h\000\040\000S\000i\000m\000i\000l\000a\000r\000i\000t\000y}{section.46}% 23
\BOOKMARK [2][-]{subsection.48}{\376\377\0003\000.\0001\000.\0002\000\040\000S\000o\000l\000u\000t\000i\000o\000n\000:\000\040\000S\000i\000m\000i\000l\000a\000r\000i\000t\000y\000\040\000I\000n\000d\000e\000x}{section.46}% 24
\BOOKMARK [1][-]{section.49}{\376\377\0003\000.\0002\000\040\000L\000i\000t\000e\000r\000a\000t\000u\000r\000e\000\040\000R\000e\000v\000i\000e\000w}{chapter.45}% 25
\BOOKMARK [2][-]{subsection.50}{\376\377\0003\000.\0002\000.\0001\000\040\000S\000u\000b\000g\000r\000a\000p\000h\000\040\000I\000s\000o\000m\000o\000r\000p\000h\000i\000s\000m}{section.49}% 26
\BOOKMARK [2][-]{subsection.51}{\376\377\0003\000.\0002\000.\0002\000\040\000G\000r\000a\000p\000h\000\040\000E\000d\000i\000t\000\040\000D\000i\000s\000t\000a\000n\000c\000e\000s}{section.49}% 27
\BOOKMARK [3][-]{subsubsection.52}{\376\377\0003\000.\0002\000.\0002\000.\0001\000\040\000P\000r\000o\000b\000l\000e\000m\000\040\000D\000e\000f\000i\000n\000i\000t\000i\000o\000n}{subsection.51}% 28
\BOOKMARK [3][-]{subsubsection.55}{\376\377\0003\000.\0002\000.\0002\000.\0002\000\040\000A\000d\000v\000a\000n\000t\000a\000g\000e\000s}{subsection.51}% 29
\BOOKMARK [3][-]{subsubsection.56}{\376\377\0003\000.\0002\000.\0002\000.\0003\000\040\000D\000i\000s\000a\000d\000v\000a\000n\000t\000a\000g\000e\000s}{subsection.51}% 30
\BOOKMARK [2][-]{subsection.57}{\376\377\0003\000.\0002\000.\0003\000\040\000T\000o\000p\000o\000l\000o\000g\000i\000c\000a\000l\000\040\000D\000e\000s\000c\000r\000i\000p\000t\000o\000r\000s}{section.49}% 31
\BOOKMARK [3][-]{subsubsection.58}{\376\377\0003\000.\0002\000.\0003\000.\0001\000\040\000A\000d\000v\000a\000n\000t\000a\000g\000e\000s}{subsection.57}% 32
\BOOKMARK [3][-]{subsubsection.59}{\376\377\0003\000.\0002\000.\0003\000.\0002\000\040\000D\000i\000s\000a\000d\000v\000a\000n\000t\000a\000g\000e\000s}{subsection.57}% 33
\BOOKMARK [2][-]{subsection.60}{\376\377\0003\000.\0002\000.\0004\000\040\000I\000t\000e\000r\000a\000t\000i\000v\000e\000\040\000M\000e\000t\000h\000o\000d\000s}{section.49}% 34
\BOOKMARK [2][-]{subsection.61}{\376\377\0003\000.\0002\000.\0005\000\040\000P\000o\000l\000y\000n\000o\000m\000i\000a\000l\000\040\000A\000l\000t\000e\000r\000n\000a\000t\000i\000v\000e\000s}{section.49}% 35
\BOOKMARK [3][-]{subsubsection.62}{\376\377\0003\000.\0002\000.\0005\000.\0001\000\040\000D\000r\000a\000w\000b\000a\000c\000k}{subsection.61}% 36
\BOOKMARK [1][-]{section.63}{\376\377\0003\000.\0003\000\040\000S\000u\000m\000m\000a\000r\000y}{chapter.45}% 37
\BOOKMARK [0][-]{chapter.64}{\376\377\0004\000\040\000G\000r\000a\000p\000h\000\040\000K\000e\000r\000n\000e\000l\000s}{}% 38
\BOOKMARK [1][-]{section.65}{\376\377\0004\000.\0001\000\040\000R\000a\000n\000d\000o\000m\000\040\000W\000a\000l\000k\000\040\000G\000r\000a\000p\000h\000\040\000K\000e\000r\000n\000e\000l\000s}{chapter.64}% 39
\BOOKMARK [2][-]{subsection.66}{\376\377\0004\000.\0001\000.\0001\000\040\000C\000o\000m\000p\000u\000t\000a\000t\000i\000o\000n}{section.65}% 40
\BOOKMARK [2][-]{subsection.68}{\376\377\0004\000.\0001\000.\0002\000\040\000D\000i\000s\000a\000d\000v\000a\000n\000t\000a\000g\000e\000s}{section.65}% 41
\BOOKMARK [2][-]{subsection.69}{\376\377\0004\000.\0001\000.\0003\000\040\000P\000o\000t\000e\000n\000t\000i\000a\000l\000\040\000s\000o\000l\000u\000t\000i\000o\000n\000s}{section.65}% 42
\BOOKMARK [1][-]{section.70}{\376\377\0004\000.\0002\000\040\000S\000h\000o\000r\000t\000e\000s\000t\000\040\000P\000a\000t\000h\000\040\000K\000e\000r\000n\000e\000l\000\040\000o\000n\000\040\000G\000r\000a\000p\000h\000s}{chapter.64}% 43
\BOOKMARK [2][-]{subsection.71}{\376\377\0004\000.\0002\000.\0001\000\040\000M\000e\000t\000h\000o\000d\000o\000l\000o\000g\000y}{section.70}% 44
\BOOKMARK [2][-]{subsection.73}{\376\377\0004\000.\0002\000.\0002\000\040\000A\000d\000v\000a\000n\000t\000a\000g\000e\000s}{section.70}% 45
\BOOKMARK [2][-]{subsection.74}{\376\377\0004\000.\0002\000.\0003\000\040\000D\000i\000s\000a\000d\000v\000a\000n\000t\000a\000g\000e\000s}{section.70}% 46
\BOOKMARK [2][-]{subsection.75}{\376\377\0004\000.\0002\000.\0004\000\040\000P\000o\000t\000e\000n\000t\000i\000a\000l\000\040\000S\000o\000l\000u\000t\000i\000o\000n}{section.70}% 47
\BOOKMARK [1][-]{section.76}{\376\377\0004\000.\0003\000\040\000G\000r\000a\000p\000h\000l\000e\000t\000\040\000K\000e\000r\000n\000e\000l\000s}{chapter.64}% 48
\BOOKMARK [2][-]{subsection.77}{\376\377\0004\000.\0003\000.\0001\000\040\000D\000e\000s\000c\000r\000i\000p\000t\000i\000o\000n}{section.76}% 49
\BOOKMARK [2][-]{subsection.80}{\376\377\0004\000.\0003\000.\0002\000\040\000P\000r\000o\000b\000l\000e\000m}{section.76}% 50
\BOOKMARK [2][-]{subsection.81}{\376\377\0004\000.\0003\000.\0003\000\040\000I\000m\000p\000r\000o\000v\000e\000m\000e\000n\000t}{section.76}% 51
\BOOKMARK [1][-]{section.82}{\376\377\0004\000.\0004\000\040\000G\000r\000a\000p\000h\000s\000\040\000K\000e\000r\000n\000e\000l\000s\000\040\000w\000i\000t\000h\000\040\000C\000o\000n\000t\000i\000n\000u\000o\000u\000s\000\040\000A\000t\000t\000r\000i\000b\000u\000t\000e\000s}{chapter.64}% 52
\BOOKMARK [1][-]{section.83}{\376\377\0004\000.\0005\000\040\000P\000r\000o\000p\000a\000g\000a\000t\000i\000o\000n\000\040\000K\000e\000r\000n\000e\000l\000s}{chapter.64}% 53
\BOOKMARK [2][-]{subsection.84}{\376\377\0004\000.\0005\000.\0001\000\040\000M\000e\000t\000h\000o\000d}{section.83}% 54
\BOOKMARK [2][-]{subsection.91}{\376\377\0004\000.\0005\000.\0002\000\040\000A\000d\000v\000a\000n\000t\000a\000g\000e\000s}{section.83}% 55
\BOOKMARK [1][-]{section.92}{\376\377\0004\000.\0006\000\040\000R\000e\000c\000e\000n\000t\000\040\000G\000r\000a\000p\000h\000\040\000K\000e\000r\000n\000e\000l\000s}{chapter.64}% 56
\BOOKMARK [1][-]{section.93}{\376\377\0004\000.\0007\000\040\000M\000e\000t\000h\000o\000d\000o\000l\000o\000g\000y}{chapter.64}% 57
\BOOKMARK [2][-]{subsection.94}{\376\377\0004\000.\0007\000.\0001\000\040\000G\000r\000a\000p\000h\000\040\000D\000a\000t\000a\000s\000e\000t}{section.93}% 58
\BOOKMARK [2][-]{subsection.96}{\376\377\0004\000.\0007\000.\0002\000\040\000G\000r\000a\000p\000h\000\040\000K\000e\000r\000n\000e\000l\000\040\000C\000a\000l\000c\000u\000l\000a\000t\000i\000o\000n}{section.93}% 59
\BOOKMARK [3][-]{subsubsection.97}{\376\377\0004\000.\0007\000.\0002\000.\0001\000\040\000S\000i\000m\000i\000l\000a\000r\000i\000t\000y\000\040\000I\000n\000d\000e\000x\000:\000\040\000R\000W\000G\000K}{subsection.96}% 60
\BOOKMARK [2][-]{subsection.99}{\376\377\0004\000.\0007\000.\0003\000\040\000S\000i\000m\000i\000l\000a\000r\000i\000t\000y\000\040\000I\000n\000d\000e\000x\000:\000\040\000P\000G\000K\000\040}{section.93}% 61
\BOOKMARK [1][-]{section.101}{\376\377\0004\000.\0008\000\040\000R\000e\000s\000u\000l\000t\000s\000\040\000a\000n\000d\000\040\000D\000i\000s\000c\000u\000s\000s\000i\000o\000n}{chapter.64}% 62
\BOOKMARK [1][-]{section.104}{\376\377\0004\000.\0009\000\040\000C\000o\000n\000c\000l\000u\000s\000i\000o\000n\000s}{chapter.64}% 63
\BOOKMARK [1][-]{section.105}{\376\377\0004\000.\0001\0000\000\040\000S\000u\000m\000m\000a\000r\000y}{chapter.64}% 64
\BOOKMARK [0][-]{chapter.106}{\376\377\0005\000\040\000D\000e\000e\000p\000\040\000G\000r\000a\000p\000h\000\040\000K\000e\000r\000n\000e\000l\000s}{}% 65
\BOOKMARK [1][-]{section.107}{\376\377\0005\000.\0001\000\040\000B\000a\000c\000k\000g\000r\000o\000u\000n\000d}{chapter.106}% 66
\BOOKMARK [1][-]{section.108}{\376\377\0005\000.\0002\000\040\000R\000e\000p\000r\000e\000s\000e\000n\000t\000a\000t\000i\000o\000n\000\040\000P\000r\000o\000b\000l\000e\000m}{chapter.106}% 67
\BOOKMARK [1][-]{section.110}{\376\377\0005\000.\0003\000\040\000D\000e\000e\000p\000\040\000F\000r\000a\000m\000e\000w\000o\000r\000k}{chapter.106}% 68
\BOOKMARK [1][-]{section.112}{\376\377\0005\000.\0004\000\040\000M\000e\000t\000h\000o\000d\000o\000l\000o\000g\000y}{chapter.106}% 69
\BOOKMARK [2][-]{subsection.113}{\376\377\0005\000.\0004\000.\0001\000\040\000S\000k\000i\000p\000-\000G\000r\000a\000m}{section.112}% 70
\BOOKMARK [1][-]{section.117}{\376\377\0005\000.\0005\000\040\000D\000e\000e\000p\000\040\000G\000r\000a\000p\000h\000\040\000K\000e\000r\000n\000e\000l\000s}{chapter.106}% 71
\BOOKMARK [2][-]{subsection.118}{\376\377\0005\000.\0005\000.\0001\000\040\000C\000o\000r\000p\000u\000s\000\040\000G\000e\000n\000e\000r\000a\000t\000i\000o\000n}{section.117}% 72
\BOOKMARK [2][-]{subsection.119}{\376\377\0005\000.\0005\000.\0002\000\040\000M\000o\000d\000e\000l\000\040\000B\000u\000i\000l\000d\000i\000n\000g\000\040\000a\000n\000d\000\040\000T\000r\000a\000i\000n\000i\000n\000g}{section.117}% 73
\BOOKMARK [2][-]{subsection.120}{\376\377\0005\000.\0005\000.\0003\000\040\000E\000x\000p\000e\000r\000i\000m\000e\000n\000t\000s}{section.117}% 74
\BOOKMARK [1][-]{section.122}{\376\377\0005\000.\0006\000\040\000R\000e\000s\000u\000l\000t\000\040\000a\000n\000d\000\040\000D\000i\000s\000c\000u\000s\000s\000i\000o\000n\000s}{chapter.106}% 75
\BOOKMARK [1][-]{section.123}{\376\377\0005\000.\0007\000\040\000C\000o\000n\000c\000l\000u\000s\000i\000o\000n\000s}{chapter.106}% 76
\BOOKMARK [1][-]{section.124}{\376\377\0005\000.\0008\000\040\000S\000u\000m\000m\000a\000r\000y}{chapter.106}% 77
\BOOKMARK [0][-]{chapter.125}{\376\377\0006\000\040\000C\000o\000n\000c\000l\000u\000s\000i\000o\000n\000\040\000a\000n\000d\000\040\000F\000u\000t\000u\000r\000e\000\040\000S\000c\000o\000p\000e}{}% 78
\BOOKMARK [1][-]{section.126}{\376\377\0006\000.\0001\000\040\000C\000o\000n\000c\000l\000u\000s\000i\000o\000n\000s}{chapter.125}% 79
\BOOKMARK [1][-]{section.133}{\376\377\0006\000.\0002\000\040\000F\000u\000t\000u\000r\000e\000\040\000W\000o\000r\000k}{chapter.125}% 80
\BOOKMARK [0][-]{appendix.136}{\376\377\000A\000\040\000B\000l\000o\000c\000k\000c\000h\000a\000i\000n\000\040\000S\000Q\000L\000\040\000S\000c\000h\000e\000m\000a}{}% 81
\BOOKMARK [0][-]{dummy.138}{\376\377\000B\000i\000b\000l\000i\000o\000g\000r\000a\000p\000h\000y}{}% 82
